<?xml version="1.0" encoding="UTF-8"?>
<coverage generated="1725491966538" clover="3.2.0">
  <project timestamp="1725491966538" name="All files">
    <metrics statements="43" coveredstatements="43" conditionals="13" coveredconditionals="13" methods="38" coveredmethods="38" elements="94" coveredelements="94" complexity="0" loc="43" ncloc="43" packages="1" files="1" classes="1"/>
    <file name="tarefas.ts" path="C:\Users\jean.35322\Documents\QA\JeanNesi-Turma01-Trabalho01\src\tarefas.ts">
      <metrics statements="43" coveredstatements="43" conditionals="13" coveredconditionals="13" methods="38" coveredmethods="38"/>
      <line num="10" count="1" type="stmt"/>
      <line num="13" count="23" type="stmt"/>
      <line num="17" count="28" type="cond" truecount="1" falsecount="0"/>
      <line num="18" count="1" type="stmt"/>
      <line num="20" count="27" type="stmt"/>
      <line num="24" count="1" type="stmt"/>
      <line num="28" count="17" type="stmt"/>
      <line num="32" count="1" type="stmt"/>
      <line num="33" count="1" type="cond" truecount="1" falsecount="0"/>
      <line num="34" count="1" type="stmt"/>
      <line num="39" count="6" type="stmt"/>
      <line num="43" count="1" type="stmt"/>
      <line num="47" count="2" type="stmt"/>
      <line num="48" count="2" type="cond" truecount="1" falsecount="0"/>
      <line num="49" count="2" type="stmt"/>
      <line num="54" count="4" type="stmt"/>
      <line num="58" count="1" type="stmt"/>
      <line num="62" count="1" type="stmt"/>
      <line num="66" count="2" type="stmt"/>
      <line num="67" count="2" type="stmt"/>
      <line num="72" count="2" type="stmt"/>
      <line num="73" count="2" type="cond" truecount="1" falsecount="0"/>
      <line num="74" count="2" type="cond" truecount="2" falsecount="0"/>
      <line num="75" count="2" type="stmt"/>
      <line num="80" count="1" type="stmt"/>
      <line num="81" count="1" type="cond" truecount="3" falsecount="0"/>
      <line num="82" count="2" type="stmt"/>
      <line num="87" count="1" type="stmt"/>
      <line num="88" count="1" type="cond" truecount="2" falsecount="0"/>
      <line num="93" count="1" type="stmt"/>
      <line num="97" count="1" type="stmt"/>
      <line num="98" count="1" type="cond" truecount="1" falsecount="0"/>
      <line num="99" count="1" type="stmt"/>
      <line num="104" count="2" type="stmt"/>
      <line num="108" count="1" type="stmt"/>
      <line num="113" count="1" type="stmt"/>
      <line num="114" count="1" type="stmt"/>
      <line num="119" count="1" type="stmt"/>
      <line num="120" count="1" type="cond" truecount="1" falsecount="0"/>
      <line num="121" count="1" type="stmt"/>
      <line num="126" count="1" type="stmt"/>
      <line num="127" count="1" type="stmt"/>
      <line num="132" count="1" type="stmt"/>
    </file>
  </project>
</coverage>
