<?xml version="1.0" encoding="UTF-8"?>
<coverage generated="1725391498416" clover="3.2.0">
  <project timestamp="1725391498416" name="All files">
    <metrics statements="35" coveredstatements="35" conditionals="6" coveredconditionals="6" methods="15" coveredmethods="15" elements="56" coveredelements="56" complexity="0" loc="35" ncloc="35" packages="1" files="1" classes="1"/>
    <file name="banco.ts" path="/home/darwin/Documentos/Estudos/JeanNesi-Turma01-Trabalho01/src/banco.ts">
      <metrics statements="35" coveredstatements="35" conditionals="6" coveredconditionals="6" methods="15" coveredmethods="15"/>
      <line num="8" count="1" type="stmt"/>
      <line num="15" count="38" type="stmt"/>
      <line num="16" count="38" type="stmt"/>
      <line num="17" count="38" type="stmt"/>
      <line num="22" count="6" type="stmt"/>
      <line num="23" count="6" type="stmt"/>
      <line num="24" count="6" type="stmt"/>
      <line num="29" count="7" type="cond" truecount="1" falsecount="0"/>
      <line num="30" count="1" type="stmt"/>
      <line num="32" count="6" type="stmt"/>
      <line num="33" count="6" type="stmt"/>
      <line num="34" count="6" type="stmt"/>
      <line num="39" count="3" type="cond" truecount="1" falsecount="0"/>
      <line num="40" count="1" type="stmt"/>
      <line num="43" count="2" type="stmt"/>
      <line num="44" count="2" type="stmt"/>
      <line num="45" count="2" type="stmt"/>
      <line num="54" count="6" type="stmt"/>
      <line num="58" count="2" type="stmt"/>
      <line num="63" count="6" type="stmt"/>
      <line num="67" count="1" type="stmt"/>
      <line num="72" count="4" type="stmt"/>
      <line num="77" count="3" type="cond" truecount="3" falsecount="0"/>
      <line num="78" count="1" type="stmt"/>
      <line num="80" count="2" type="stmt"/>
      <line num="85" count="2" type="stmt"/>
      <line num="86" count="2" type="stmt"/>
      <line num="87" count="2" type="stmt"/>
      <line num="88" count="2" type="stmt"/>
      <line num="93" count="2" type="stmt"/>
      <line num="94" count="2" type="stmt"/>
      <line num="95" count="2" type="stmt"/>
      <line num="100" count="2" type="stmt"/>
      <line num="101" count="3" type="stmt"/>
      <line num="102" count="3" type="stmt"/>
    </file>
  </project>
</coverage>
