{"/home/darwin/Documentos/Estudos/JeanNesi-Turma01-Trabalho01/src/banco.ts": {"path":"/home/darwin/Documentos/Estudos/JeanNesi-Turma01-Trabalho01/src/banco.ts","statementMap":{"0":{"start":{"line":15,"column":4},"end":{"line":15,"column":21}},"1":{"start":{"line":16,"column":4},"end":{"line":16,"column":30}},"2":{"start":{"line":17,"column":4},"end":{"line":17,"column":25}},"3":{"start":{"line":22,"column":4},"end":{"line":22,"column":24}},"4":{"start":{"line":23,"column":4},"end":{"line":23,"column":54}},"5":{"start":{"line":24,"column":4},"end":{"line":24,"column":22}},"6":{"start":{"line":29,"column":4},"end":{"line":31,"column":5}},"7":{"start":{"line":30,"column":6},"end":{"line":30,"column":44}},"8":{"start":{"line":32,"column":4},"end":{"line":32,"column":24}},"9":{"start":{"line":33,"column":4},"end":{"line":33,"column":51}},"10":{"start":{"line":34,"column":4},"end":{"line":34,"column":22}},"11":{"start":{"line":39,"column":4},"end":{"line":41,"column":5}},"12":{"start":{"line":40,"column":6},"end":{"line":40,"column":44}},"13":{"start":{"line":43,"column":4},"end":{"line":43,"column":22}},"14":{"start":{"line":44,"column":4},"end":{"line":44,"column":34}},"15":{"start":{"line":45,"column":4},"end":{"line":49,"column":7}},"16":{"start":{"line":54,"column":4},"end":{"line":54,"column":22}},"17":{"start":{"line":58,"column":4},"end":{"line":58,"column":21}},"18":{"start":{"line":63,"column":4},"end":{"line":63,"column":27}},"19":{"start":{"line":67,"column":4},"end":{"line":67,"column":30}},"20":{"start":{"line":72,"column":4},"end":{"line":72,"column":37}},"21":{"start":{"line":77,"column":4},"end":{"line":79,"column":5}},"22":{"start":{"line":78,"column":6},"end":{"line":78,"column":57}},"23":{"start":{"line":80,"column":4},"end":{"line":80,"column":16}},"24":{"start":{"line":85,"column":18},"end":{"line":85,"column":43}},"25":{"start":{"line":86,"column":4},"end":{"line":86,"column":24}},"26":{"start":{"line":87,"column":4},"end":{"line":87,"column":58}},"27":{"start":{"line":88,"column":4},"end":{"line":88,"column":22}},"28":{"start":{"line":93,"column":4},"end":{"line":93,"column":22}},"29":{"start":{"line":94,"column":4},"end":{"line":94,"column":66}},"30":{"start":{"line":95,"column":4},"end":{"line":95,"column":22}},"31":{"start":{"line":100,"column":4},"end":{"line":102,"column":64}},"32":{"start":{"line":101,"column":29},"end":{"line":101,"column":58}},"33":{"start":{"line":102,"column":36},"end":{"line":102,"column":59}},"34":{"start":{"line":8,"column":0},"end":{"line":8,"column":13}}},"fnMap":{"0":{"name":"(anonymous_0)","decl":{"start":{"line":14,"column":2},"end":{"line":14,"column":14}},"loc":{"start":{"line":14,"column":52},"end":{"line":18,"column":3}}},"1":{"name":"(anonymous_1)","decl":{"start":{"line":21,"column":2},"end":{"line":21,"column":11}},"loc":{"start":{"line":21,"column":25},"end":{"line":25,"column":3}}},"2":{"name":"(anonymous_2)","decl":{"start":{"line":28,"column":2},"end":{"line":28,"column":7}},"loc":{"start":{"line":28,"column":21},"end":{"line":35,"column":3}}},"3":{"name":"(anonymous_3)","decl":{"start":{"line":38,"column":2},"end":{"line":38,"column":12}},"loc":{"start":{"line":38,"column":47},"end":{"line":50,"column":3}}},"4":{"name":"(anonymous_4)","decl":{"start":{"line":53,"column":2},"end":{"line":53,"column":12}},"loc":{"start":{"line":53,"column":12},"end":{"line":55,"column":3}}},"5":{"name":"(anonymous_5)","decl":{"start":{"line":57,"column":2},"end":{"line":57,"column":11}},"loc":{"start":{"line":57,"column":11},"end":{"line":59,"column":3}}},"6":{"name":"(anonymous_6)","decl":{"start":{"line":62,"column":2},"end":{"line":62,"column":16}},"loc":{"start":{"line":62,"column":16},"end":{"line":64,"column":3}}},"7":{"name":"(anonymous_7)","decl":{"start":{"line":66,"column":2},"end":{"line":66,"column":20}},"loc":{"start":{"line":66,"column":20},"end":{"line":68,"column":3}}},"8":{"name":"(anonymous_8)","decl":{"start":{"line":71,"column":2},"end":{"line":71,"column":22}},"loc":{"start":{"line":71,"column":42},"end":{"line":73,"column":3}}},"9":{"name":"(anonymous_9)","decl":{"start":{"line":76,"column":2},"end":{"line":76,"column":24}},"loc":{"start":{"line":76,"column":38},"end":{"line":81,"column":3}}},"10":{"name":"(anonymous_10)","decl":{"start":{"line":84,"column":2},"end":{"line":84,"column":14}},"loc":{"start":{"line":84,"column":27},"end":{"line":89,"column":3}}},"11":{"name":"(anonymous_11)","decl":{"start":{"line":92,"column":2},"end":{"line":92,"column":12}},"loc":{"start":{"line":92,"column":45},"end":{"line":96,"column":3}}},"12":{"name":"(anonymous_12)","decl":{"start":{"line":99,"column":2},"end":{"line":99,"column":22}},"loc":{"start":{"line":99,"column":22},"end":{"line":103,"column":3}}},"13":{"name":"(anonymous_13)","decl":{"start":{"line":101,"column":14},"end":{"line":101,"column":15}},"loc":{"start":{"line":101,"column":29},"end":{"line":101,"column":58}}},"14":{"name":"(anonymous_14)","decl":{"start":{"line":102,"column":14},"end":{"line":102,"column":15}},"loc":{"start":{"line":102,"column":36},"end":{"line":102,"column":59}}}},"branchMap":{"0":{"loc":{"start":{"line":14,"column":28},"end":{"line":14,"column":52}},"type":"default-arg","locations":[{"start":{"line":14,"column":51},"end":{"line":14,"column":52}}]},"1":{"loc":{"start":{"line":29,"column":4},"end":{"line":31,"column":5}},"type":"if","locations":[{"start":{"line":29,"column":4},"end":{"line":31,"column":5}}]},"2":{"loc":{"start":{"line":39,"column":4},"end":{"line":41,"column":5}},"type":"if","locations":[{"start":{"line":39,"column":4},"end":{"line":41,"column":5}}]},"3":{"loc":{"start":{"line":77,"column":4},"end":{"line":79,"column":5}},"type":"if","locations":[{"start":{"line":77,"column":4},"end":{"line":79,"column":5}}]},"4":{"loc":{"start":{"line":77,"column":8},"end":{"line":77,"column":56}},"type":"binary-expr","locations":[{"start":{"line":77,"column":8},"end":{"line":77,"column":26}},{"start":{"line":77,"column":30},"end":{"line":77,"column":56}}]}},"s":{"0":38,"1":38,"2":38,"3":6,"4":6,"5":6,"6":7,"7":1,"8":6,"9":6,"10":6,"11":3,"12":1,"13":2,"14":2,"15":2,"16":6,"17":2,"18":6,"19":1,"20":4,"21":3,"22":1,"23":2,"24":2,"25":2,"26":2,"27":2,"28":2,"29":2,"30":2,"31":2,"32":3,"33":3,"34":1},"f":{"0":38,"1":6,"2":7,"3":3,"4":6,"5":2,"6":6,"7":1,"8":4,"9":3,"10":2,"11":2,"12":2,"13":3,"14":3},"b":{"0":[19],"1":[1],"2":[1],"3":[1],"4":[3,3]}}
}
