{"C:\\Users\\jean.35322\\Documents\\QA\\JeanNesi-Turma01-Trabalho01\\src\\tarefas.ts": {"path":"C:\\Users\\jean.35322\\Documents\\QA\\JeanNesi-Turma01-Trabalho01\\src\\tarefas.ts","statementMap":{"0":{"start":{"line":13,"column":4},"end":{"line":13,"column":22}},"1":{"start":{"line":17,"column":4},"end":{"line":19,"column":5}},"2":{"start":{"line":18,"column":6},"end":{"line":18,"column":50}},"3":{"start":{"line":20,"column":4},"end":{"line":20,"column":30}},"4":{"start":{"line":24,"column":4},"end":{"line":24,"column":69}},"5":{"start":{"line":24,"column":51},"end":{"line":24,"column":67}},"6":{"start":{"line":28,"column":4},"end":{"line":28,"column":59}},"7":{"start":{"line":28,"column":41},"end":{"line":28,"column":57}},"8":{"start":{"line":32,"column":18},"end":{"line":32,"column":70}},"9":{"start":{"line":32,"column":53},"end":{"line":32,"column":69}},"10":{"start":{"line":33,"column":4},"end":{"line":35,"column":5}},"11":{"start":{"line":34,"column":6},"end":{"line":34,"column":70}},"12":{"start":{"line":39,"column":4},"end":{"line":39,"column":24}},"13":{"start":{"line":43,"column":4},"end":{"line":43,"column":31}},"14":{"start":{"line":47,"column":19},"end":{"line":47,"column":45}},"15":{"start":{"line":48,"column":4},"end":{"line":50,"column":5}},"16":{"start":{"line":49,"column":6},"end":{"line":49,"column":30}},"17":{"start":{"line":54,"column":4},"end":{"line":54,"column":61}},"18":{"start":{"line":54,"column":43},"end":{"line":54,"column":59}},"19":{"start":{"line":58,"column":4},"end":{"line":58,"column":62}},"20":{"start":{"line":58,"column":43},"end":{"line":58,"column":60}},"21":{"start":{"line":62,"column":4},"end":{"line":62,"column":70}},"22":{"start":{"line":62,"column":51},"end":{"line":62,"column":68}},"23":{"start":{"line":66,"column":4},"end":{"line":68,"column":6}},"24":{"start":{"line":67,"column":6},"end":{"line":67,"column":42}},"25":{"start":{"line":72,"column":19},"end":{"line":72,"column":45}},"26":{"start":{"line":73,"column":4},"end":{"line":76,"column":5}},"27":{"start":{"line":74,"column":6},"end":{"line":74,"column":38}},"28":{"start":{"line":75,"column":6},"end":{"line":75,"column":28}},"29":{"start":{"line":80,"column":19},"end":{"line":80,"column":45}},"30":{"start":{"line":81,"column":4},"end":{"line":83,"column":5}},"31":{"start":{"line":82,"column":6},"end":{"line":82,"column":57}},"32":{"start":{"line":82,"column":46},"end":{"line":82,"column":55}},"33":{"start":{"line":87,"column":4},"end":{"line":89,"column":6}},"34":{"start":{"line":88,"column":18},"end":{"line":88,"column":58}},"35":{"start":{"line":93,"column":4},"end":{"line":93,"column":65}},"36":{"start":{"line":93,"column":43},"end":{"line":93,"column":63}},"37":{"start":{"line":97,"column":19},"end":{"line":97,"column":45}},"38":{"start":{"line":98,"column":4},"end":{"line":100,"column":5}},"39":{"start":{"line":99,"column":6},"end":{"line":99,"column":41}},"40":{"start":{"line":104,"column":4},"end":{"line":104,"column":77}},"41":{"start":{"line":104,"column":43},"end":{"line":104,"column":75}},"42":{"start":{"line":108,"column":4},"end":{"line":109,"column":14}},"43":{"start":{"line":108,"column":43},"end":{"line":108,"column":75}},"44":{"start":{"line":113,"column":4},"end":{"line":115,"column":7}},"45":{"start":{"line":114,"column":6},"end":{"line":114,"column":30}},"46":{"start":{"line":119,"column":19},"end":{"line":119,"column":45}},"47":{"start":{"line":120,"column":4},"end":{"line":122,"column":5}},"48":{"start":{"line":121,"column":6},"end":{"line":121,"column":31}},"49":{"start":{"line":126,"column":4},"end":{"line":128,"column":6}},"50":{"start":{"line":127,"column":16},"end":{"line":127,"column":71}},"51":{"start":{"line":132,"column":4},"end":{"line":132,"column":61}},"52":{"start":{"line":132,"column":32},"end":{"line":132,"column":59}},"53":{"start":{"line":10,"column":0},"end":{"line":10,"column":13}}},"fnMap":{"0":{"name":"(anonymous_0)","decl":{"start":{"line":12,"column":2},"end":{"line":12,"column":null}},"loc":{"start":{"line":12,"column":2},"end":{"line":14,"column":3}}},"1":{"name":"(anonymous_1)","decl":{"start":{"line":16,"column":2},"end":{"line":16,"column":17}},"loc":{"start":{"line":16,"column":33},"end":{"line":21,"column":3}}},"2":{"name":"(anonymous_2)","decl":{"start":{"line":23,"column":2},"end":{"line":23,"column":15}},"loc":{"start":{"line":23,"column":26},"end":{"line":25,"column":3}}},"3":{"name":"(anonymous_3)","decl":{"start":{"line":24,"column":39},"end":{"line":24,"column":40}},"loc":{"start":{"line":24,"column":51},"end":{"line":24,"column":67}}},"4":{"name":"(anonymous_4)","decl":{"start":{"line":27,"column":2},"end":{"line":27,"column":19}},"loc":{"start":{"line":27,"column":30},"end":{"line":29,"column":3}}},"5":{"name":"(anonymous_5)","decl":{"start":{"line":28,"column":29},"end":{"line":28,"column":30}},"loc":{"start":{"line":28,"column":41},"end":{"line":28,"column":57}}},"6":{"name":"(anonymous_6)","decl":{"start":{"line":31,"column":2},"end":{"line":31,"column":17}},"loc":{"start":{"line":31,"column":49},"end":{"line":36,"column":3}}},"7":{"name":"(anonymous_7)","decl":{"start":{"line":32,"column":41},"end":{"line":32,"column":42}},"loc":{"start":{"line":32,"column":53},"end":{"line":32,"column":69}}},"8":{"name":"(anonymous_8)","decl":{"start":{"line":38,"column":2},"end":{"line":38,"column":15}},"loc":{"start":{"line":38,"column":15},"end":{"line":40,"column":3}}},"9":{"name":"(anonymous_9)","decl":{"start":{"line":42,"column":2},"end":{"line":42,"column":15}},"loc":{"start":{"line":42,"column":15},"end":{"line":44,"column":3}}},"10":{"name":"(anonymous_10)","decl":{"start":{"line":46,"column":2},"end":{"line":46,"column":27}},"loc":{"start":{"line":46,"column":38},"end":{"line":51,"column":3}}},"11":{"name":"(anonymous_11)","decl":{"start":{"line":53,"column":2},"end":{"line":53,"column":25}},"loc":{"start":{"line":53,"column":25},"end":{"line":55,"column":3}}},"12":{"name":"(anonymous_12)","decl":{"start":{"line":54,"column":31},"end":{"line":54,"column":32}},"loc":{"start":{"line":54,"column":43},"end":{"line":54,"column":59}}},"13":{"name":"(anonymous_13)","decl":{"start":{"line":57,"column":2},"end":{"line":57,"column":24}},"loc":{"start":{"line":57,"column":24},"end":{"line":59,"column":3}}},"14":{"name":"(anonymous_14)","decl":{"start":{"line":58,"column":31},"end":{"line":58,"column":32}},"loc":{"start":{"line":58,"column":43},"end":{"line":58,"column":60}}},"15":{"name":"(anonymous_15)","decl":{"start":{"line":61,"column":2},"end":{"line":61,"column":26}},"loc":{"start":{"line":61,"column":26},"end":{"line":63,"column":3}}},"16":{"name":"(anonymous_16)","decl":{"start":{"line":62,"column":39},"end":{"line":62,"column":40}},"loc":{"start":{"line":62,"column":51},"end":{"line":62,"column":68}}},"17":{"name":"(anonymous_17)","decl":{"start":{"line":65,"column":2},"end":{"line":65,"column":26}},"loc":{"start":{"line":65,"column":44},"end":{"line":69,"column":3}}},"18":{"name":"(anonymous_18)","decl":{"start":{"line":66,"column":31},"end":{"line":66,"column":32}},"loc":{"start":{"line":67,"column":6},"end":{"line":67,"column":42}}},"19":{"name":"(anonymous_19)","decl":{"start":{"line":71,"column":2},"end":{"line":71,"column":21}},"loc":{"start":{"line":71,"column":45},"end":{"line":77,"column":3}}},"20":{"name":"(anonymous_20)","decl":{"start":{"line":79,"column":2},"end":{"line":79,"column":20}},"loc":{"start":{"line":79,"column":44},"end":{"line":84,"column":3}}},"21":{"name":"(anonymous_21)","decl":{"start":{"line":82,"column":39},"end":{"line":82,"column":40}},"loc":{"start":{"line":82,"column":46},"end":{"line":82,"column":55}}},"22":{"name":"(anonymous_22)","decl":{"start":{"line":86,"column":2},"end":{"line":86,"column":21}},"loc":{"start":{"line":86,"column":33},"end":{"line":90,"column":3}}},"23":{"name":"(anonymous_23)","decl":{"start":{"line":88,"column":6},"end":{"line":88,"column":7}},"loc":{"start":{"line":88,"column":18},"end":{"line":88,"column":58}}},"24":{"name":"(anonymous_24)","decl":{"start":{"line":92,"column":2},"end":{"line":92,"column":22}},"loc":{"start":{"line":92,"column":35},"end":{"line":94,"column":3}}},"25":{"name":"(anonymous_25)","decl":{"start":{"line":93,"column":31},"end":{"line":93,"column":32}},"loc":{"start":{"line":93,"column":43},"end":{"line":93,"column":63}}},"26":{"name":"(anonymous_26)","decl":{"start":{"line":96,"column":2},"end":{"line":96,"column":21}},"loc":{"start":{"line":96,"column":56},"end":{"line":101,"column":3}}},"27":{"name":"(anonymous_27)","decl":{"start":{"line":103,"column":2},"end":{"line":103,"column":28}},"loc":{"start":{"line":103,"column":47},"end":{"line":105,"column":3}}},"28":{"name":"(anonymous_28)","decl":{"start":{"line":104,"column":31},"end":{"line":104,"column":32}},"loc":{"start":{"line":104,"column":43},"end":{"line":104,"column":75}}},"29":{"name":"(anonymous_29)","decl":{"start":{"line":107,"column":2},"end":{"line":107,"column":28}},"loc":{"start":{"line":107,"column":47},"end":{"line":110,"column":3}}},"30":{"name":"(anonymous_30)","decl":{"start":{"line":108,"column":31},"end":{"line":108,"column":32}},"loc":{"start":{"line":108,"column":43},"end":{"line":108,"column":75}}},"31":{"name":"(anonymous_31)","decl":{"start":{"line":112,"column":2},"end":{"line":112,"column":27}},"loc":{"start":{"line":112,"column":27},"end":{"line":116,"column":3}}},"32":{"name":"(anonymous_32)","decl":{"start":{"line":113,"column":25},"end":{"line":113,"column":26}},"loc":{"start":{"line":113,"column":36},"end":{"line":115,"column":5}}},"33":{"name":"(anonymous_33)","decl":{"start":{"line":118,"column":2},"end":{"line":118,"column":15}},"loc":{"start":{"line":118,"column":26},"end":{"line":123,"column":3}}},"34":{"name":"(anonymous_34)","decl":{"start":{"line":125,"column":2},"end":{"line":125,"column":23}},"loc":{"start":{"line":125,"column":23},"end":{"line":129,"column":3}}},"35":{"name":"(anonymous_35)","decl":{"start":{"line":127,"column":6},"end":{"line":127,"column":7}},"loc":{"start":{"line":127,"column":16},"end":{"line":127,"column":71}}},"36":{"name":"(anonymous_36)","decl":{"start":{"line":131,"column":2},"end":{"line":131,"column":29}},"loc":{"start":{"line":131,"column":29},"end":{"line":133,"column":3}}},"37":{"name":"(anonymous_37)","decl":{"start":{"line":132,"column":22},"end":{"line":132,"column":23}},"loc":{"start":{"line":132,"column":32},"end":{"line":132,"column":59}}}},"branchMap":{"0":{"loc":{"start":{"line":17,"column":4},"end":{"line":19,"column":5}},"type":"if","locations":[{"start":{"line":17,"column":4},"end":{"line":19,"column":5}}]},"1":{"loc":{"start":{"line":33,"column":4},"end":{"line":35,"column":5}},"type":"if","locations":[{"start":{"line":33,"column":4},"end":{"line":35,"column":5}}]},"2":{"loc":{"start":{"line":48,"column":4},"end":{"line":50,"column":5}},"type":"if","locations":[{"start":{"line":48,"column":4},"end":{"line":50,"column":5}}]},"3":{"loc":{"start":{"line":73,"column":4},"end":{"line":76,"column":5}},"type":"if","locations":[{"start":{"line":73,"column":4},"end":{"line":76,"column":5}}]},"4":{"loc":{"start":{"line":74,"column":20},"end":{"line":74,"column":37}},"type":"binary-expr","locations":[{"start":{"line":74,"column":20},"end":{"line":74,"column":31}},{"start":{"line":74,"column":35},"end":{"line":74,"column":37}}]},"5":{"loc":{"start":{"line":81,"column":4},"end":{"line":83,"column":5}},"type":"if","locations":[{"start":{"line":81,"column":4},"end":{"line":83,"column":5}}]},"6":{"loc":{"start":{"line":81,"column":8},"end":{"line":81,"column":29}},"type":"binary-expr","locations":[{"start":{"line":81,"column":8},"end":{"line":81,"column":14}},{"start":{"line":81,"column":18},"end":{"line":81,"column":29}}]},"7":{"loc":{"start":{"line":88,"column":18},"end":{"line":88,"column":58}},"type":"binary-expr","locations":[{"start":{"line":88,"column":18},"end":{"line":88,"column":29}},{"start":{"line":88,"column":33},"end":{"line":88,"column":58}}]},"8":{"loc":{"start":{"line":98,"column":4},"end":{"line":100,"column":5}},"type":"if","locations":[{"start":{"line":98,"column":4},"end":{"line":100,"column":5}}]},"9":{"loc":{"start":{"line":120,"column":4},"end":{"line":122,"column":5}},"type":"if","locations":[{"start":{"line":120,"column":4},"end":{"line":122,"column":5}}]}},"s":{"0":23,"1":28,"2":1,"3":27,"4":1,"5":1,"6":15,"7":17,"8":1,"9":1,"10":1,"11":1,"12":6,"13":1,"14":2,"15":2,"16":2,"17":4,"18":4,"19":1,"20":1,"21":1,"22":1,"23":2,"24":2,"25":2,"26":2,"27":2,"28":2,"29":1,"30":1,"31":1,"32":2,"33":1,"34":1,"35":1,"36":1,"37":1,"38":1,"39":1,"40":2,"41":2,"42":1,"43":1,"44":1,"45":1,"46":1,"47":1,"48":1,"49":1,"50":1,"51":1,"52":1,"53":1},"f":{"0":23,"1":28,"2":1,"3":1,"4":15,"5":17,"6":1,"7":1,"8":6,"9":1,"10":2,"11":4,"12":4,"13":1,"14":1,"15":1,"16":1,"17":2,"18":2,"19":2,"20":1,"21":2,"22":1,"23":1,"24":1,"25":1,"26":1,"27":2,"28":2,"29":1,"30":1,"31":1,"32":1,"33":1,"34":1,"35":1,"36":1,"37":1},"b":{"0":[1],"1":[1],"2":[2],"3":[2],"4":[2,1],"5":[1],"6":[1,1],"7":[1,1],"8":[1],"9":[1]}}
}
