TN:
SF:src/banco.ts
FN:14,(anonymous_0)
FN:21,(anonymous_1)
FN:28,(anonymous_2)
FN:38,(anonymous_3)
FN:53,(anonymous_4)
FN:57,(anonymous_5)
FN:62,(anonymous_6)
FN:66,(anonymous_7)
FN:71,(anonymous_8)
FN:76,(anonymous_9)
FN:84,(anonymous_10)
FN:92,(anonymous_11)
FN:99,(anonymous_12)
FN:101,(anonymous_13)
FN:102,(anonymous_14)
FNF:15
FNH:15
FNDA:38,(anonymous_0)
FNDA:6,(anonymous_1)
FNDA:7,(anonymous_2)
FNDA:3,(anonymous_3)
FNDA:6,(anonymous_4)
FNDA:2,(anonymous_5)
FNDA:6,(anonymous_6)
FNDA:1,(anonymous_7)
FNDA:4,(anonymous_8)
FNDA:3,(anonymous_9)
FNDA:2,(anonymous_10)
FNDA:2,(anonymous_11)
FNDA:2,(anonymous_12)
FNDA:3,(anonymous_13)
FNDA:3,(anonymous_14)
DA:8,1
DA:15,38
DA:16,38
DA:17,38
DA:22,6
DA:23,6
DA:24,6
DA:29,7
DA:30,1
DA:32,6
DA:33,6
DA:34,6
DA:39,3
DA:40,1
DA:43,2
DA:44,2
DA:45,2
DA:54,6
DA:58,2
DA:63,6
DA:67,1
DA:72,4
DA:77,3
DA:78,1
DA:80,2
DA:85,2
DA:86,2
DA:87,2
DA:88,2
DA:93,2
DA:94,2
DA:95,2
DA:100,2
DA:101,3
DA:102,3
LF:35
LH:35
BRDA:14,0,0,19
BRDA:29,1,0,1
BRDA:39,2,0,1
BRDA:77,3,0,1
BRDA:77,4,0,3
BRDA:77,4,1,3
BRF:6
BRH:6
end_of_record
