TN:
SF:src\tarefas.ts
FN:12,(anonymous_0)
FN:16,(anonymous_1)
FN:23,(anonymous_2)
FN:24,(anonymous_3)
FN:27,(anonymous_4)
FN:28,(anonymous_5)
FN:31,(anonymous_6)
FN:32,(anonymous_7)
FN:38,(anonymous_8)
FN:42,(anonymous_9)
FN:46,(anonymous_10)
FN:53,(anonymous_11)
FN:54,(anonymous_12)
FN:57,(anonymous_13)
FN:58,(anonymous_14)
FN:61,(anonymous_15)
FN:62,(anonymous_16)
FN:65,(anonymous_17)
FN:66,(anonymous_18)
FN:71,(anonymous_19)
FN:79,(anonymous_20)
FN:82,(anonymous_21)
FN:86,(anonymous_22)
FN:88,(anonymous_23)
FN:92,(anonymous_24)
FN:93,(anonymous_25)
FN:96,(anonymous_26)
FN:103,(anonymous_27)
FN:104,(anonymous_28)
FN:107,(anonymous_29)
FN:108,(anonymous_30)
FN:112,(anonymous_31)
FN:113,(anonymous_32)
FN:118,(anonymous_33)
FN:125,(anonymous_34)
FN:127,(anonymous_35)
FN:131,(anonymous_36)
FN:132,(anonymous_37)
FNF:38
FNH:38
FNDA:23,(anonymous_0)
FNDA:28,(anonymous_1)
FNDA:1,(anonymous_2)
FNDA:1,(anonymous_3)
FNDA:15,(anonymous_4)
FNDA:17,(anonymous_5)
FNDA:1,(anonymous_6)
FNDA:1,(anonymous_7)
FNDA:6,(anonymous_8)
FNDA:1,(anonymous_9)
FNDA:2,(anonymous_10)
FNDA:4,(anonymous_11)
FNDA:4,(anonymous_12)
FNDA:1,(anonymous_13)
FNDA:1,(anonymous_14)
FNDA:1,(anonymous_15)
FNDA:1,(anonymous_16)
FNDA:2,(anonymous_17)
FNDA:2,(anonymous_18)
FNDA:2,(anonymous_19)
FNDA:1,(anonymous_20)
FNDA:2,(anonymous_21)
FNDA:1,(anonymous_22)
FNDA:1,(anonymous_23)
FNDA:1,(anonymous_24)
FNDA:1,(anonymous_25)
FNDA:1,(anonymous_26)
FNDA:2,(anonymous_27)
FNDA:2,(anonymous_28)
FNDA:1,(anonymous_29)
FNDA:1,(anonymous_30)
FNDA:1,(anonymous_31)
FNDA:1,(anonymous_32)
FNDA:1,(anonymous_33)
FNDA:1,(anonymous_34)
FNDA:1,(anonymous_35)
FNDA:1,(anonymous_36)
FNDA:1,(anonymous_37)
DA:10,1
DA:13,23
DA:17,28
DA:18,1
DA:20,27
DA:24,1
DA:28,17
DA:32,1
DA:33,1
DA:34,1
DA:39,6
DA:43,1
DA:47,2
DA:48,2
DA:49,2
DA:54,4
DA:58,1
DA:62,1
DA:66,2
DA:67,2
DA:72,2
DA:73,2
DA:74,2
DA:75,2
DA:80,1
DA:81,1
DA:82,2
DA:87,1
DA:88,1
DA:93,1
DA:97,1
DA:98,1
DA:99,1
DA:104,2
DA:108,1
DA:113,1
DA:114,1
DA:119,1
DA:120,1
DA:121,1
DA:126,1
DA:127,1
DA:132,1
LF:43
LH:43
BRDA:17,0,0,1
BRDA:33,1,0,1
BRDA:48,2,0,2
BRDA:73,3,0,2
BRDA:74,4,0,2
BRDA:74,4,1,1
BRDA:81,5,0,1
BRDA:81,6,0,1
BRDA:81,6,1,1
BRDA:88,7,0,1
BRDA:88,7,1,1
BRDA:98,8,0,1
BRDA:120,9,0,1
BRF:13
BRH:13
end_of_record
